# Logfile created on 2013-05-07 23:28:44 -0700 by logger.rb/31641
2013-05-07T23:28:44-0700: [Worker(delayed_job.workless host:Satyans-MacBook-Pro.local pid:29271)] Starting job worker
2013-05-08T23:33:04-0700: [Worker(delayed_job.workless host:Satyans-MacBook-Pro.local pid:29271)] EventFinishJob completed after 0.1309
2013-05-08T23:33:08-0700: [Worker(delayed_job.workless host:Satyans-MacBook-Pro.local pid:29271)] EventFinishJob#perform_without_delay completed after 3.8909
2013-05-08T23:33:08-0700: [Worker(delayed_job.workless host:Satyans-MacBook-Pro.local pid:29271)] 2 jobs processed at 0.4880 j/s, 0 failed ...
2013-05-08T23:37:03-0700: [Worker(delayed_job.workless host:Satyans-MacBook-Pro.local pid:29271)] EventFinishJob completed after 0.0393
2013-05-08T23:37:06-0700: [Worker(delayed_job.workless host:Satyans-MacBook-Pro.local pid:29271)] EventFinishJob#perform_without_delay completed after 2.2294
2013-05-08T23:37:06-0700: [Worker(delayed_job.workless host:Satyans-MacBook-Pro.local pid:29271)] 2 jobs processed at 0.8736 j/s, 0 failed ...
2013-05-08T23:37:10-0700: [Worker(delayed_job.workless host:Satyans-MacBook-Pro.local pid:29271)] Exiting...
2013-05-09T19:04:41-0700: [Worker(delayed_job.workless host:Satyans-MacBook-Pro.local pid:29874)] Starting job worker
2013-05-10T23:45:02-0700: [Worker(delayed_job.workless host:Satyans-MacBook-Pro.local pid:29874)] VoteStartJob completed after 1.0401
2013-05-10T23:45:02-0700: [Worker(delayed_job.workless host:Satyans-MacBook-Pro.local pid:29874)] 1 jobs processed at 0.3102 j/s, 0 failed ...
2013-05-11T23:14:55-0700: [Worker(delayed_job.workless host:Satyans-MacBook-Pro.local pid:29874)] EventFinishJob completed after 0.3857
2013-05-11T23:14:55-0700: [Worker(delayed_job.workless host:Satyans-MacBook-Pro.local pid:29874)] VoteStartJob completed after 0.0428
2013-05-11T23:14:55-0700: [Worker(delayed_job.workless host:Satyans-MacBook-Pro.local pid:29874)] 2 jobs processed at 3.1467 j/s, 0 failed ...
2013-05-12T13:57:24-0700: [Worker(delayed_job.workless host:Satyans-MacBook-Pro.local pid:29874)] Exiting...
2013-05-12T13:58:49-0700: [Worker(delayed_job.workless host:Satyans-MacBook-Pro.local pid:30943)] Starting job worker
2013-05-12T14:09:08-0700: [Worker(delayed_job.workless host:Satyans-MacBook-Pro.local pid:30943)] VoteStartJob completed after 4.4682
2013-05-12T14:09:08-0700: [Worker(delayed_job.workless host:Satyans-MacBook-Pro.local pid:30943)] 1 jobs processed at 0.2216 j/s, 0 failed ...
2013-05-20T20:07:36-0700: [Worker(delayed_job.workless host:Satyans-MacBook-Pro.local pid:36062)] Starting job worker
2013-05-20T20:10:03-0700: [Worker(delayed_job.workless host:Satyans-MacBook-Pro.local pid:36062)] VoteStartJob completed after 2.6539
2013-05-20T20:10:03-0700: [Worker(delayed_job.workless host:Satyans-MacBook-Pro.local pid:36062)] 1 jobs processed at 0.3702 j/s, 0 failed ...
2013-05-20T20:28:27-0700: [Worker(delayed_job.workless host:Satyans-MacBook-Pro.local pid:36062)] VoteStartJob completed after 2.5192
2013-05-20T20:28:29-0700: [Worker(delayed_job.workless host:Satyans-MacBook-Pro.local pid:36062)] EventFinishJob completed after 2.1754
2013-05-20T20:28:31-0700: [Worker(delayed_job.workless host:Satyans-MacBook-Pro.local pid:36062)] VoteStartJob completed after 2.1012
2013-05-20T20:28:33-0700: [Worker(delayed_job.workless host:Satyans-MacBook-Pro.local pid:36062)] EventFinishJob completed after 2.2496
2013-05-20T20:28:33-0700: [Worker(delayed_job.workless host:Satyans-MacBook-Pro.local pid:36062)] 4 jobs processed at 0.4406 j/s, 0 failed ...
2013-05-20T20:30:35-0700: [Worker(delayed_job.workless host:Satyans-MacBook-Pro.local pid:36062)] EventFinishJob completed after 1.8860
2013-05-20T20:30:35-0700: [Worker(delayed_job.workless host:Satyans-MacBook-Pro.local pid:36062)] 1 jobs processed at 0.5273 j/s, 0 failed ...
2013-05-20T20:30:42-0700: [Worker(delayed_job.workless host:Satyans-MacBook-Pro.local pid:36062)] EventFinishJob completed after 2.1261
2013-05-20T20:30:42-0700: [Worker(delayed_job.workless host:Satyans-MacBook-Pro.local pid:36062)] 1 jobs processed at 0.4676 j/s, 0 failed ...
2013-05-20T20:30:54-0700: [Worker(delayed_job.workless host:Satyans-MacBook-Pro.local pid:36062)] EventFinishJob completed after 1.9678
2013-05-20T20:30:54-0700: [Worker(delayed_job.workless host:Satyans-MacBook-Pro.local pid:36062)] 1 jobs processed at 0.5050 j/s, 0 failed ...
2013-05-20T20:31:01-0700: [Worker(delayed_job.workless host:Satyans-MacBook-Pro.local pid:36062)] VoteStartJob completed after 1.6973
2013-05-20T20:31:01-0700: [Worker(delayed_job.workless host:Satyans-MacBook-Pro.local pid:36062)] 1 jobs processed at 0.5862 j/s, 0 failed ...
2013-05-20T20:33:38-0700: [Worker(delayed_job.workless host:Satyans-MacBook-Pro.local pid:36062)] VoteStartJob completed after 2.3948
2013-05-20T20:33:38-0700: [Worker(delayed_job.workless host:Satyans-MacBook-Pro.local pid:36062)] 1 jobs processed at 0.4154 j/s, 0 failed ...
2013-05-20T20:33:50-0700: [Worker(delayed_job.workless host:Satyans-MacBook-Pro.local pid:36062)] VoteStartJob completed after 1.7436
2013-05-20T20:33:50-0700: [Worker(delayed_job.workless host:Satyans-MacBook-Pro.local pid:36062)] 1 jobs processed at 0.5566 j/s, 0 failed ...
2013-05-20T20:34:12-0700: [Worker(delayed_job.workless host:Satyans-MacBook-Pro.local pid:36062)] VoteStartJob completed after 2.2117
2013-05-20T20:34:12-0700: [Worker(delayed_job.workless host:Satyans-MacBook-Pro.local pid:36062)] 1 jobs processed at 0.4503 j/s, 0 failed ...
2013-05-21T18:44:19-0700: [Worker(delayed_job.workless host:Satyans-MacBook-Pro.local pid:36062)] VoteStartJob completed after 3.1941
2013-05-21T18:44:19-0700: [Worker(delayed_job.workless host:Satyans-MacBook-Pro.local pid:36062)] 1 jobs processed at 0.2972 j/s, 0 failed ...
2013-05-21T18:44:56-0700: [Worker(delayed_job.workless host:Satyans-MacBook-Pro.local pid:36062)] VoteStartJob completed after 1.9139
2013-05-21T18:44:56-0700: [Worker(delayed_job.workless host:Satyans-MacBook-Pro.local pid:36062)] 1 jobs processed at 0.5180 j/s, 0 failed ...
2013-05-21T22:00:04-0700: [Worker(delayed_job.workless host:Satyans-MacBook-Pro.local pid:36062)] EventFinishJob completed after 3.1423
2013-05-21T22:00:04-0700: [Worker(delayed_job.workless host:Satyans-MacBook-Pro.local pid:36062)] 1 jobs processed at 0.3170 j/s, 0 failed ...
2013-05-27T22:13:05-0700: [Worker(delayed_job.workless host:Satyans-MacBook-Pro.local pid:734)] Starting job worker
2013-05-27T22:16:03-0700: [Worker(delayed_job.workless host:Satyans-MacBook-Pro.local pid:734)] VoteStartJob completed after 2.3604
2013-05-27T22:16:03-0700: [Worker(delayed_job.workless host:Satyans-MacBook-Pro.local pid:734)] 1 jobs processed at 0.4193 j/s, 0 failed ...
2013-05-28T04:12:39-0700: [Worker(delayed_job.workless host:Satyans-MacBook-Pro.local pid:734)] EventFinishJob completed after 1.3801
2013-05-28T04:12:39-0700: [Worker(delayed_job.workless host:Satyans-MacBook-Pro.local pid:734)] 1 jobs processed at 0.7179 j/s, 0 failed ...
2013-05-28T04:12:42-0700: [Worker(delayed_job.workless host:Satyans-MacBook-Pro.local pid:734)] Exiting...
2013-05-28T19:34:44-0700: [Worker(delayed_job.workless host:Satyans-MacBook-Pro.local pid:1272)] Starting job worker
2013-05-28T20:00:03-0700: [Worker(delayed_job.workless host:Satyans-MacBook-Pro.local pid:1272)] VoteStartJob completed after 3.4088
2013-05-28T20:00:03-0700: [Worker(delayed_job.workless host:Satyans-MacBook-Pro.local pid:1272)] 1 jobs processed at 0.2912 j/s, 0 failed ...
2013-05-28T22:59:15-0700: [Worker(delayed_job.workless host:Satyans-MacBook-Pro.local pid:1272)] EventFinishJob completed after 1.6947
2013-05-28T22:59:15-0700: [Worker(delayed_job.workless host:Satyans-MacBook-Pro.local pid:1272)] 1 jobs processed at 0.5857 j/s, 0 failed ...
2013-05-28T23:04:54-0700: [Worker(delayed_job.workless host:Satyans-MacBook-Pro.local pid:1272)] Exiting...
2013-05-28T23:07:37-0700: [Worker(delayed_job.workless host:Satyans-MacBook-Pro.local pid:1587)] Starting job worker
2013-05-28T23:17:35-0700: [Worker(delayed_job.workless host:Satyans-MacBook-Pro.local pid:1587)] Exiting...
2013-05-28T23:20:59-0700: [Worker(delayed_job.workless host:Satyans-MacBook-Pro.local pid:1618)] Starting job worker
2013-05-28T23:21:06-0700: [Worker(delayed_job.workless host:Satyans-MacBook-Pro.local pid:1618)] EventFinishJob completed after 2.1518
2013-05-28T23:21:06-0700: [Worker(delayed_job.workless host:Satyans-MacBook-Pro.local pid:1618)] 1 jobs processed at 0.4550 j/s, 0 failed ...
2013-05-28T23:21:08-0700: [Worker(delayed_job.workless host:Satyans-MacBook-Pro.local pid:1618)] Exiting...
2013-05-28T23:53:04-0700: [Worker(delayed_job.workless host:Satyans-MacBook-Pro.local pid:1687)] Starting job worker
2013-05-28T23:59:35-0700: [Worker(delayed_job.workless host:Satyans-MacBook-Pro.local pid:1687)] Exiting...
2013-05-28T23:59:44-0700: [Worker(delayed_job.workless host:Satyans-MacBook-Pro.local pid:1698)] Starting job worker
2013-05-30T19:01:04-0700: [Worker(delayed_job.workless host:Satyans-MacBook-Pro.local pid:1698)] EventFinishJob completed after 4.0815
2013-05-30T19:01:04-0700: [Worker(delayed_job.workless host:Satyans-MacBook-Pro.local pid:1698)] 1 jobs processed at 0.2427 j/s, 0 failed ...
2013-06-24T17:58:26-0700: [Worker(delayed_job.workless host:Satyans-MacBook-Pro.local pid:20662)] Starting job worker
2013-06-24T17:58:30-0700: [Worker(delayed_job.workless host:Satyans-MacBook-Pro.local pid:20662)] EventFinishJob completed after 3.0969
2013-06-24T17:58:30-0700: [Worker(delayed_job.workless host:Satyans-MacBook-Pro.local pid:20662)] ArchiveJob completed after 0.0207
2013-06-24T17:58:30-0700: [Worker(delayed_job.workless host:Satyans-MacBook-Pro.local pid:20662)] 2 jobs processed at 0.6270 j/s, 0 failed ...
2013-06-24T17:58:46-0700: [Worker(delayed_job.workless host:Satyans-MacBook-Pro.local pid:20662)] Exiting...
2013-06-24T17:59:26-0700: [Worker(delayed_job.workless host:Satyans-MacBook-Pro.local pid:20686)] Starting job worker
2013-06-24T17:59:47-0700: [Worker(delayed_job.workless host:Satyans-MacBook-Pro.local pid:20686)] Exiting...
2013-06-25T21:26:26-0700: [Worker(delayed_job.workless host:Satyans-MacBook-Pro.local pid:21125)] Starting job worker
2013-06-30T19:39:53-0700: [Worker(host:Satyans-MacBook-Pro.local pid:23338)] New Relic Ruby Agent Monitoring DJ worker host:Satyans-MacBook-Pro.local pid:23338
2013-06-30T19:39:53-0700: [Worker(delayed_job.workless host:Satyans-MacBook-Pro.local pid:23338)] Starting job worker
2013-06-30T19:39:53-0700: [Worker(delayed_job.workless host:Satyans-MacBook-Pro.local pid:23338)] ArchiveJob completed after 0.1137
2013-06-30T19:39:53-0700: [Worker(delayed_job.workless host:Satyans-MacBook-Pro.local pid:23338)] ArchiveJob completed after 0.0236
2013-06-30T19:39:53-0700: [Worker(delayed_job.workless host:Satyans-MacBook-Pro.local pid:23338)] 2 jobs processed at 8.7046 j/s, 0 failed ...
2013-06-30T21:03:07-0700: [Worker(delayed_job.workless host:Satyans-MacBook-Pro.local pid:23338)] EventFinishJob completed after 2.7331
2013-06-30T21:03:07-0700: [Worker(delayed_job.workless host:Satyans-MacBook-Pro.local pid:23338)] 1 jobs processed at 0.3643 j/s, 0 failed ...
2013-06-30T22:03:04-0700: [Worker(delayed_job.workless host:Satyans-MacBook-Pro.local pid:23338)] ArchiveJob completed after 0.0223
2013-06-30T22:03:04-0700: [Worker(delayed_job.workless host:Satyans-MacBook-Pro.local pid:23338)] 1 jobs processed at 28.1793 j/s, 0 failed ...
2013-06-30T23:00:03-0700: [Worker(delayed_job.workless host:Satyans-MacBook-Pro.local pid:23338)] EventFinishJob completed after 1.9573
2013-06-30T23:00:03-0700: [Worker(delayed_job.workless host:Satyans-MacBook-Pro.local pid:23338)] 1 jobs processed at 0.5080 j/s, 0 failed ...
2013-07-01T03:28:37-0700: [Worker(delayed_job.workless host:Satyans-MacBook-Pro.local pid:23338)] ArchiveJob completed after 0.0689
2013-07-01T03:28:37-0700: [Worker(delayed_job.workless host:Satyans-MacBook-Pro.local pid:23338)] 1 jobs processed at 12.5084 j/s, 0 failed ...
2013-07-03T17:01:11-0700: [Worker(delayed_job.workless host:Satyans-MacBook-Pro.local pid:23338)] EventFinishJob completed after 7.6863
2013-07-03T17:01:11-0700: [Worker(delayed_job.workless host:Satyans-MacBook-Pro.local pid:23338)] 1 jobs processed at 0.1289 j/s, 0 failed ...
2013-07-03T17:04:04-0700: [Worker(delayed_job.workless host:Satyans-MacBook-Pro.local pid:23338)] EventFinishJob completed after 3.0690
2013-07-03T17:04:04-0700: [Worker(delayed_job.workless host:Satyans-MacBook-Pro.local pid:23338)] 1 jobs processed at 0.3244 j/s, 0 failed ...
2013-07-03T17:06:06-0700: [Worker(delayed_job.workless host:Satyans-MacBook-Pro.local pid:23338)] EventFinishJob completed after 1.8938
2013-07-03T17:06:06-0700: [Worker(delayed_job.workless host:Satyans-MacBook-Pro.local pid:23338)] 1 jobs processed at 0.5239 j/s, 0 failed ...
2013-07-03T17:10:04-0700: [Worker(delayed_job.workless host:Satyans-MacBook-Pro.local pid:23338)] EventFinishJob completed after 3.1309
2013-07-03T17:10:04-0700: [Worker(delayed_job.workless host:Satyans-MacBook-Pro.local pid:23338)] 1 jobs processed at 0.3183 j/s, 0 failed ...
2013-07-03T17:11:02-0700: [Worker(delayed_job.workless host:Satyans-MacBook-Pro.local pid:23338)] EventFinishJob completed after 2.4864
2013-07-03T17:11:02-0700: [Worker(delayed_job.workless host:Satyans-MacBook-Pro.local pid:23338)] 1 jobs processed at 0.3999 j/s, 0 failed ...
2013-07-03T17:16:04-0700: [Worker(delayed_job.workless host:Satyans-MacBook-Pro.local pid:23338)] EventFinishJob completed after 2.0563
2013-07-03T17:16:04-0700: [Worker(delayed_job.workless host:Satyans-MacBook-Pro.local pid:23338)] 1 jobs processed at 0.4832 j/s, 0 failed ...
2013-07-03T17:21:11-0700: [Worker(delayed_job.workless host:Satyans-MacBook-Pro.local pid:23338)] EventFinishJob completed after 6.2444
2013-07-03T17:21:11-0700: [Worker(delayed_job.workless host:Satyans-MacBook-Pro.local pid:23338)] 1 jobs processed at 0.1598 j/s, 0 failed ...
2013-07-03T17:26:04-0700: [Worker(delayed_job.workless host:Satyans-MacBook-Pro.local pid:23338)] EventFinishJob completed after 2.9174
2013-07-03T17:26:04-0700: [Worker(delayed_job.workless host:Satyans-MacBook-Pro.local pid:23338)] 1 jobs processed at 0.3412 j/s, 0 failed ...
2013-07-03T17:32:07-0700: [Worker(delayed_job.workless host:Satyans-MacBook-Pro.local pid:23338)] EventFinishJob completed after 2.4863
2013-07-03T17:32:07-0700: [Worker(delayed_job.workless host:Satyans-MacBook-Pro.local pid:23338)] 1 jobs processed at 0.4000 j/s, 0 failed ...
2013-07-03T17:39:04-0700: [Worker(delayed_job.workless host:Satyans-MacBook-Pro.local pid:23338)] EventFinishJob completed after 2.3997
2013-07-03T17:39:04-0700: [Worker(delayed_job.workless host:Satyans-MacBook-Pro.local pid:23338)] 1 jobs processed at 0.4141 j/s, 0 failed ...
2013-07-03T17:46:06-0700: [Worker(delayed_job.workless host:Satyans-MacBook-Pro.local pid:23338)] EventFinishJob completed after 2.0268
2013-07-03T17:46:06-0700: [Worker(delayed_job.workless host:Satyans-MacBook-Pro.local pid:23338)] 1 jobs processed at 0.4901 j/s, 0 failed ...
2013-07-03T17:54:32-0700: [Worker(delayed_job.workless host:Satyans-MacBook-Pro.local pid:23338)] Exiting...
