Connecting to database specified by database.yml
Compiled jquery.js  (1ms)  (pid 16947)
Compiled jquery_ujs.js  (0ms)  (pid 16947)
Compiled jquery.ui.core.js  (0ms)  (pid 16947)
Compiled jquery.ui.widget.js  (0ms)  (pid 16947)
Compiled jquery.ui.position.js  (0ms)  (pid 16947)
Compiled jquery.ui.menu.js  (8ms)  (pid 16947)
Compiled jquery.ui.autocomplete.js  (28ms)  (pid 16947)
Compiled jquery.ui.button.js  (2ms)  (pid 16947)
Compiled jquery.ui.mouse.js  (2ms)  (pid 16947)
Compiled jquery.ui.draggable.js  (9ms)  (pid 16947)
Compiled jquery.ui.resizable.js  (3ms)  (pid 16947)
Compiled jquery.ui.dialog.js  (35ms)  (pid 16947)
Compiled bootstrap.min.js  (0ms)  (pid 16947)
Compiled events.js  (88ms)  (pid 16947)
Compiled pages.js  (49ms)  (pid 16947)
Compiled runner.js  (0ms)  (pid 16947)
Compiled updates.js  (51ms)  (pid 16947)
Compiled users.js  (48ms)  (pid 16947)
Compiled venues.js  (46ms)  (pid 16947)
Compiled application.js  (464ms)  (pid 16947)
Compiled reset.css  (0ms)  (pid 16947)
Compiled bootstrap.min.css  (0ms)  (pid 16947)
Compiled jquery.ui.core.css  (1ms)  (pid 16947)
Compiled jquery.ui.theme.css  (81ms)  (pid 16947)
Compiled jquery.ui.menu.css  (91ms)  (pid 16947)
Compiled jquery.ui.autocomplete.css  (105ms)  (pid 16947)
Compiled jquery.ui.button.css  (4ms)  (pid 16947)
Compiled jquery.ui.resizable.css  (4ms)  (pid 16947)
Compiled jquery.ui.dialog.css  (62ms)  (pid 16947)
Compiled events.css  (0ms)  (pid 16947)
Compiled pages.css  (0ms)  (pid 16947)
Compiled devise.css  (0ms)  (pid 16947)
Compiled application.css  (203ms)  (pid 16947)
Connecting to database specified by database.yml
Compiled jquery.js  (1ms)  (pid 16947)
Compiled jquery_ujs.js  (0ms)  (pid 16947)
Compiled jquery.ui.core.js  (0ms)  (pid 16947)
Compiled jquery.ui.widget.js  (0ms)  (pid 16947)
Compiled jquery.ui.position.js  (0ms)  (pid 16947)
Compiled jquery.ui.menu.js  (7ms)  (pid 16947)
Compiled jquery.ui.autocomplete.js  (22ms)  (pid 16947)
Compiled jquery.ui.button.js  (1ms)  (pid 16947)
Compiled jquery.ui.mouse.js  (1ms)  (pid 16947)
Compiled jquery.ui.draggable.js  (7ms)  (pid 16947)
Compiled jquery.ui.resizable.js  (3ms)  (pid 16947)
Compiled jquery.ui.dialog.js  (29ms)  (pid 16947)
Compiled bootstrap.min.js  (0ms)  (pid 16947)
Compiled events.js  (69ms)  (pid 16947)
Compiled pages.js  (46ms)  (pid 16947)
Compiled runner.js  (0ms)  (pid 16947)
Compiled updates.js  (48ms)  (pid 16947)
Compiled users.js  (74ms)  (pid 16947)
Compiled venues.js  (50ms)  (pid 16947)
Compiled application.js  (420ms)  (pid 16947)
Compiled reset.css  (0ms)  (pid 16947)
Compiled bootstrap.min.css  (0ms)  (pid 16947)
Compiled jquery.ui.core.css  (1ms)  (pid 16947)
Compiled jquery.ui.theme.css  (8ms)  (pid 16947)
Compiled jquery.ui.menu.css  (17ms)  (pid 16947)
Compiled jquery.ui.autocomplete.css  (32ms)  (pid 16947)
Compiled jquery.ui.button.css  (6ms)  (pid 16947)
Compiled jquery.ui.resizable.css  (3ms)  (pid 16947)
Compiled jquery.ui.dialog.css  (30ms)  (pid 16947)
Compiled events.css  (0ms)  (pid 16947)
Compiled pages.css  (0ms)  (pid 16947)
Compiled devise.css  (0ms)  (pid 16947)
Compiled application.css  (104ms)  (pid 16947)
